<?xml version="1.0" encoding="UTF-8"?>
<testng-results skipped="0" failed="0" ignored="0" total="1" passed="1">
  <reporter-output>
  </reporter-output>
  <suite name="Suite" duration-ms="37" started-at="2019-04-28T17:29:08Z" finished-at="2019-04-28T17:29:08Z">
    <groups>
    </groups>
    <test name="Test" duration-ms="37" started-at="2019-04-28T17:29:08Z" finished-at="2019-04-28T17:29:08Z">
      <class name="MavenJenkinsGitHubInMay.MavenJenkinsGitHubInMay.SampleTest">
        <test-method status="PASS" signature="sample()[pri:0, instance:MavenJenkinsGitHubInMay.MavenJenkinsGitHubInMay.SampleTest@5034c75a]" name="sample" duration-ms="11" started-at="2019-04-28T17:29:08Z" finished-at="2019-04-28T17:29:08Z">
          <reporter-output>
          </reporter-output>
        </test-method> <!-- sample -->
      </class> <!-- MavenJenkinsGitHubInMay.MavenJenkinsGitHubInMay.SampleTest -->
    </test> <!-- Test -->
  </suite> <!-- Suite -->
</testng-results>
